<?xml version="1.0" encoding="UTF-8"?>
<!-- Generated by org.testng.reporters.JUnitXMLReporter -->
<testsuite ignored="0" hostname="LAPTOP-J7JKI705" failures="0" tests="3" name="Test" time="9.642" errors="0" timestamp="2022-02-20T04:04:13 EST">
  <testcase classname="io.cucumber.testng.AbstractTestNGCucumberTests" name="runScenario" time="5.0"/>
  <testcase classname="io.cucumber.testng.AbstractTestNGCucumberTests" name="runScenario" time="3.27"/>
  <testcase classname="com.cucumber.runner.Runnerfile" name="test" time="0.0"/>
</testsuite> <!-- Test -->
